This file contains any messages produced by compilers while
running configure, to aid debugging if configure makes a mistake.

It was created by libndpi configure 4.10.0, which was
generated by GNU Autoconf 2.69.  Invocation command line was

  $ ./configure 

## --------- ##
## Platform. ##
## --------- ##

hostname = teep-ric
uname -m = x86_64
uname -r = 5.15.0-117-generic
uname -s = Linux
uname -v = #127~20.04.1-Ubuntu SMP Thu Jul 11 15:36:12 UTC 2024

/usr/bin/uname -p = x86_64
/bin/uname -X     = unknown

/bin/arch              = x86_64
/usr/bin/arch -k       = unknown
/usr/convex/getsysinfo = unknown
/usr/bin/hostinfo      = unknown
/bin/machine           = unknown
/usr/bin/oslevel       = unknown
/bin/universe          = unknown

PATH: /root/.nvm/versions/node/v18.16.0/bin
PATH: /usr/local/sbin
PATH: /usr/local/bin
PATH: /usr/sbin
PATH: /usr/bin
PATH: /sbin
PATH: /bin
PATH: /usr/games
PATH: /usr/local/games
PATH: /snap/bin


## ----------- ##
## Core tests. ##
## ----------- ##

configure:2532: checking for a BSD-compatible install
configure:2600: result: /usr/bin/install -c
configure:2611: checking whether build environment is sane
configure:2666: result: yes
configure:2815: checking for a thread-safe mkdir -p
configure:2854: result: /usr/bin/mkdir -p
configure:2861: checking for gawk
configure:2891: result: no
configure:2861: checking for mawk
configure:2877: found /usr/bin/mawk
configure:2888: result: mawk
configure:2899: checking whether make sets $(MAKE)
configure:2921: result: yes
configure:2950: checking whether make supports nested variables
configure:2967: result: yes
configure:3268: checking whether make supports the include directive
configure:3283: make -f confmf.GNU && cat confinc.out
this is the am__doit target
configure:3286: $? = 0
configure:3305: result: yes (GNU style)
configure:3375: checking for gcc
configure:3391: found /usr/bin/gcc
configure:3402: result: gcc
configure:3631: checking for C compiler version
configure:3640: gcc --version >&5
gcc (Ubuntu 9.4.0-1ubuntu1~20.04.2) 9.4.0
Copyright (C) 2019 Free Software Foundation, Inc.
This is free software; see the source for copying conditions.  There is NO
warranty; not even for MERCHANTABILITY or FITNESS FOR A PARTICULAR PURPOSE.

configure:3651: $? = 0
configure:3640: gcc -v >&5
Using built-in specs.
COLLECT_GCC=gcc
COLLECT_LTO_WRAPPER=/usr/lib/gcc/x86_64-linux-gnu/9/lto-wrapper
OFFLOAD_TARGET_NAMES=nvptx-none:hsa
OFFLOAD_TARGET_DEFAULT=1
Target: x86_64-linux-gnu
Configured with: ../src/configure -v --with-pkgversion='Ubuntu 9.4.0-1ubuntu1~20.04.2' --with-bugurl=file:///usr/share/doc/gcc-9/README.Bugs --enable-languages=c,ada,c++,go,brig,d,fortran,objc,obj-c++,gm2 --prefix=/usr --with-gcc-major-version-only --program-suffix=-9 --program-prefix=x86_64-linux-gnu- --enable-shared --enable-linker-build-id --libexecdir=/usr/lib --without-included-gettext --enable-threads=posix --libdir=/usr/lib --enable-nls --enable-clocale=gnu --enable-libstdcxx-debug --enable-libstdcxx-time=yes --with-default-libstdcxx-abi=new --enable-gnu-unique-object --disable-vtable-verify --enable-plugin --enable-default-pie --with-system-zlib --with-target-system-zlib=auto --enable-objc-gc=auto --enable-multiarch --disable-werror --with-arch-32=i686 --with-abi=m64 --with-multilib-list=m32,m64,mx32 --enable-multilib --with-tune=generic --enable-offload-targets=nvptx-none=/build/gcc-9-9QDOt0/gcc-9-9.4.0/debian/tmp-nvptx/usr,hsa --without-cuda-driver --enable-checking=release --build=x86_64-linux-gnu --host=x86_64-linux-gnu --target=x86_64-linux-gnu
Thread model: posix
gcc version 9.4.0 (Ubuntu 9.4.0-1ubuntu1~20.04.2) 
configure:3651: $? = 0
configure:3640: gcc -V >&5
gcc: error: unrecognized command line option '-V'
gcc: fatal error: no input files
compilation terminated.
configure:3651: $? = 1
configure:3640: gcc -qversion >&5
gcc: error: unrecognized command line option '-qversion'; did you mean '--version'?
gcc: fatal error: no input files
compilation terminated.
configure:3651: $? = 1
configure:3671: checking whether the C compiler works
configure:3693: gcc    conftest.c  >&5
configure:3697: $? = 0
configure:3745: result: yes
configure:3748: checking for C compiler default output file name
configure:3750: result: a.out
configure:3756: checking for suffix of executables
configure:3763: gcc -o conftest    conftest.c  >&5
configure:3767: $? = 0
configure:3789: result: 
configure:3811: checking whether we are cross compiling
configure:3819: gcc -o conftest    conftest.c  >&5
configure:3823: $? = 0
configure:3830: ./conftest
configure:3834: $? = 0
configure:3822: result: no
configure:3827: checking for suffix of object files
configure:3849: gcc -c   conftest.c >&5
configure:3853: $? = 0
configure:3874: result: o
configure:3878: checking whether we are using the GNU C compiler
configure:3897: gcc -c   conftest.c >&5
configure:3897: $? = 0
configure:3906: result: yes
configure:3915: checking whether gcc accepts -g
configure:3935: gcc -c -g  conftest.c >&5
configure:3935: $? = 0
configure:3976: result: yes
configure:3993: checking for gcc option to accept ISO C89
configure:4056: gcc  -c -g -O2  conftest.c >&5
configure:4056: $? = 0
configure:4069: result: none needed
configure:4094: checking whether gcc understands -c and -o together
configure:4116: gcc -c conftest.c -o conftest2.o
configure:4119: $? = 0
configure:4116: gcc -c conftest.c -o conftest2.o
configure:4119: $? = 0
configure:4131: result: yes
configure:4150: checking dependency style of gcc
configure:4261: result: none
configure:4392: checking build system type
configure:4406: result: x86_64-pc-linux-gnu
configure:4426: checking host system type
configure:4439: result: x86_64-pc-linux-gnu
configure:4480: checking how to print strings
configure:4507: result: printf
configure:4528: checking for a sed that does not truncate output
configure:4592: result: /usr/bin/sed
configure:4610: checking for grep that handles long lines and -e
configure:4668: result: /usr/bin/grep
configure:4673: checking for egrep
configure:4735: result: /usr/bin/grep -E
configure:4740: checking for fgrep
configure:4802: result: /usr/bin/grep -F
configure:4837: checking for ld used by gcc
configure:4904: result: /usr/bin/ld
configure:4911: checking if the linker (/usr/bin/ld) is GNU ld
configure:4926: result: yes
configure:4938: checking for BSD- or MS-compatible name lister (nm)
configure:4992: result: /usr/bin/nm -B
configure:5122: checking the name lister (/usr/bin/nm -B) interface
configure:5129: gcc -c -g -O2  conftest.c >&5
configure:5132: /usr/bin/nm -B "conftest.o"
configure:5135: output
0000000000000000 B some_variable
configure:5136: result: BSD nm
configure:5139: checking whether ln -s works
configure:5143: result: yes
configure:5151: checking the maximum length of command line arguments
configure:5282: result: 1572864
configure:5330: checking how to convert x86_64-pc-linux-gnu file names to x86_64-pc-linux-gnu format
configure:5370: result: func_convert_file_noop
configure:5377: checking how to convert x86_64-pc-linux-gnu file names to toolchain format
configure:5397: result: func_convert_file_noop
configure:5404: checking for /usr/bin/ld option to reload object files
configure:5411: result: -r
configure:5485: checking for objdump
configure:5501: found /usr/bin/objdump
configure:5512: result: objdump
configure:5544: checking how to recognize dependent libraries
configure:5744: result: pass_all
configure:5829: checking for dlltool
configure:5859: result: no
configure:5889: checking how to associate runtime and link libraries
configure:5916: result: printf %s\n
configure:5976: checking for ar
configure:5992: found /usr/bin/ar
configure:6003: result: ar
configure:6040: checking for archiver @FILE support
configure:6057: gcc -c -g -O2  conftest.c >&5
configure:6057: $? = 0
configure:6060: ar cr libconftest.a @conftest.lst >&5
configure:6063: $? = 0
configure:6068: ar cr libconftest.a @conftest.lst >&5
ar: conftest.o: No such file or directory
configure:6071: $? = 1
configure:6070: result: @
configure:6128: checking for strip
configure:6144: found /usr/bin/strip
configure:6155: result: strip
configure:6227: checking for ranlib
configure:6243: found /usr/bin/ranlib
configure:6254: result: ranlib
configure:6356: checking command to parse /usr/bin/nm -B output from gcc object
configure:6509: gcc -c -g -O2  conftest.c >&5
configure:6512: $? = 0
configure:6516: /usr/bin/nm -B conftest.o | sed -n -e 's/^.*[	 ]\([ABCDGIRSTW][ABCDGIRSTW]*\)[	 ][	 ]*\([_A-Za-z][_A-Za-z0-9]*\)$/\1 \2 \2/p' | sed '/ __gnu_lto/d' > conftest.nm
configure:6582: gcc -o conftest -g -O2   conftest.c conftstm.o >&5
configure:6585: $? = 0
configure:6623: result: ok
configure:6670: checking for sysroot
configure:6700: result: no
configure:6707: checking for a working dd
configure:6745: result: /usr/bin/dd
configure:6749: checking how to truncate binary pipes
configure:6764: result: /usr/bin/dd bs=4096 count=1
configure:6900: gcc -c -g -O2  conftest.c >&5
configure:6903: $? = 0
configure:7093: checking for mt
configure:7109: found /usr/bin/mt
configure:7120: result: mt
configure:7143: checking if mt is a manifest tool
configure:7149: mt '-?'
configure:7157: result: no
configure:7834: checking how to run the C preprocessor
configure:7865: gcc -E  conftest.c
configure:7865: $? = 0
configure:7879: gcc -E  conftest.c
conftest.c:11:10: fatal error: ac_nonexistent.h: No such file or directory
   11 | #include <ac_nonexistent.h>
      |          ^~~~~~~~~~~~~~~~~~
compilation terminated.
configure:7879: $? = 1
configure: failed program was:
| /* confdefs.h */
| #define PACKAGE_NAME "libndpi"
| #define PACKAGE_TARNAME "libndpi"
| #define PACKAGE_VERSION "4.10.0"
| #define PACKAGE_STRING "libndpi 4.10.0"
| #define PACKAGE_BUGREPORT ""
| #define PACKAGE_URL ""
| #define PACKAGE "libndpi"
| #define VERSION "4.10.0"
| /* end confdefs.h.  */
| #include <ac_nonexistent.h>
configure:7904: result: gcc -E
configure:7924: gcc -E  conftest.c
configure:7924: $? = 0
configure:7938: gcc -E  conftest.c
conftest.c:11:10: fatal error: ac_nonexistent.h: No such file or directory
   11 | #include <ac_nonexistent.h>
      |          ^~~~~~~~~~~~~~~~~~
compilation terminated.
configure:7938: $? = 1
configure: failed program was:
| /* confdefs.h */
| #define PACKAGE_NAME "libndpi"
| #define PACKAGE_TARNAME "libndpi"
| #define PACKAGE_VERSION "4.10.0"
| #define PACKAGE_STRING "libndpi 4.10.0"
| #define PACKAGE_BUGREPORT ""
| #define PACKAGE_URL ""
| #define PACKAGE "libndpi"
| #define VERSION "4.10.0"
| /* end confdefs.h.  */
| #include <ac_nonexistent.h>
configure:7967: checking for ANSI C header files
configure:7987: gcc -c -g -O2  conftest.c >&5
configure:7987: $? = 0
configure:8060: gcc -o conftest -g -O2   conftest.c  >&5
configure:8060: $? = 0
configure:8060: ./conftest
configure:8060: $? = 0
configure:8071: result: yes
configure:8084: checking for sys/types.h
configure:8084: gcc -c -g -O2  conftest.c >&5
configure:8084: $? = 0
configure:8084: result: yes
configure:8084: checking for sys/stat.h
configure:8084: gcc -c -g -O2  conftest.c >&5
configure:8084: $? = 0
configure:8084: result: yes
configure:8084: checking for stdlib.h
configure:8084: gcc -c -g -O2  conftest.c >&5
configure:8084: $? = 0
configure:8084: result: yes
configure:8084: checking for string.h
configure:8084: gcc -c -g -O2  conftest.c >&5
configure:8084: $? = 0
configure:8084: result: yes
configure:8084: checking for memory.h
configure:8084: gcc -c -g -O2  conftest.c >&5
configure:8084: $? = 0
configure:8084: result: yes
configure:8084: checking for strings.h
configure:8084: gcc -c -g -O2  conftest.c >&5
configure:8084: $? = 0
configure:8084: result: yes
configure:8084: checking for inttypes.h
configure:8084: gcc -c -g -O2  conftest.c >&5
configure:8084: $? = 0
configure:8084: result: yes
configure:8084: checking for stdint.h
configure:8084: gcc -c -g -O2  conftest.c >&5
configure:8084: $? = 0
configure:8084: result: yes
configure:8084: checking for unistd.h
configure:8084: gcc -c -g -O2  conftest.c >&5
configure:8084: $? = 0
configure:8084: result: yes
configure:8098: checking for dlfcn.h
configure:8098: gcc -c -g -O2  conftest.c >&5
configure:8098: $? = 0
configure:8098: result: yes
configure:8354: checking for objdir
configure:8369: result: .libs
configure:8633: checking if gcc supports -fno-rtti -fno-exceptions
configure:8651: gcc -c -g -O2  -fno-rtti -fno-exceptions conftest.c >&5
cc1: warning: command line option '-fno-rtti' is valid for C++/D/ObjC++ but not for C
configure:8655: $? = 0
configure:8668: result: no
configure:9032: checking for gcc option to produce PIC
configure:9039: result: -fPIC -DPIC
configure:9047: checking if gcc PIC flag -fPIC -DPIC works
configure:9065: gcc -c -g -O2  -fPIC -DPIC -DPIC conftest.c >&5
configure:9069: $? = 0
configure:9082: result: yes
configure:9111: checking if gcc static flag -static works
configure:9139: result: yes
configure:9154: checking if gcc supports -c -o file.o
configure:9175: gcc -c -g -O2  -o out/conftest2.o conftest.c >&5
configure:9179: $? = 0
configure:9201: result: yes
configure:9209: checking if gcc supports -c -o file.o
configure:9256: result: yes
configure:9289: checking whether the gcc linker (/usr/bin/ld -m elf_x86_64) supports shared libraries
configure:10552: result: yes
configure:10589: checking whether -lc should be explicitly linked in
configure:10597: gcc -c -g -O2  conftest.c >&5
configure:10600: $? = 0
configure:10615: gcc -shared  -fPIC -DPIC conftest.o  -v -Wl,-soname -Wl,conftest -o conftest 2\>\&1 \| /usr/bin/grep  -lc  \>/dev/null 2\>\&1
configure:10618: $? = 0
configure:10632: result: no
configure:10792: checking dynamic linker characteristics
configure:11373: gcc -o conftest -g -O2   -Wl,-rpath -Wl,/foo conftest.c  >&5
configure:11373: $? = 0
configure:11622: result: GNU/Linux ld.so
configure:11744: checking how to hardcode library paths into programs
configure:11769: result: immediate
configure:12317: checking whether stripping libraries is possible
configure:12322: result: yes
configure:12357: checking if libtool supports shared libraries
configure:12359: result: yes
configure:12362: checking whether to build shared libraries
configure:12387: result: yes
configure:12390: checking whether to build static libraries
configure:12394: result: yes
configure:9295: checking for cos in -lm
configure:9320: gcc -o conftest -g -O2   conftest.c -lm   >&5
conftest.c:30:6: warning: conflicting types for built-in function 'cos'; expected 'double(double)' [-Wbuiltin-declaration-mismatch]
   30 | char cos ();
      |      ^~~
conftest.c:1:1: note: 'cos' is declared in header '<math.h>'
    1 | /* confdefs.h */
configure:9320: $? = 0
configure:9329: result: yes
configure:9393: checking for pkg-config
configure:9411: found /usr/bin/pkg-config
configure:9423: result: /usr/bin/pkg-config
configure:9448: checking pkg-config is at least version 0.9.0
configure:9451: result: yes
configure:9508: checking for gcc
configure:9535: result: gcc
configure:9764: checking for C compiler version
configure:9773: gcc --version >&5
gcc (Ubuntu 9.4.0-1ubuntu1~20.04.2) 9.4.0
Copyright (C) 2019 Free Software Foundation, Inc.
This is free software; see the source for copying conditions.  There is NO
warranty; not even for MERCHANTABILITY or FITNESS FOR A PARTICULAR PURPOSE.

configure:9784: $? = 0
configure:9773: gcc -v >&5
Using built-in specs.
COLLECT_GCC=gcc
COLLECT_LTO_WRAPPER=/usr/lib/gcc/x86_64-linux-gnu/9/lto-wrapper
OFFLOAD_TARGET_NAMES=nvptx-none:hsa
OFFLOAD_TARGET_DEFAULT=1
Target: x86_64-linux-gnu
Configured with: ../src/configure -v --with-pkgversion='Ubuntu 9.4.0-1ubuntu1~20.04.2' --with-bugurl=file:///usr/share/doc/gcc-9/README.Bugs --enable-languages=c,ada,c++,go,brig,d,fortran,objc,obj-c++,gm2 --prefix=/usr --with-gcc-major-version-only --program-suffix=-9 --program-prefix=x86_64-linux-gnu- --enable-shared --enable-linker-build-id --libexecdir=/usr/lib --without-included-gettext --enable-threads=posix --libdir=/usr/lib --enable-nls --enable-clocale=gnu --enable-libstdcxx-debug --enable-libstdcxx-time=yes --with-default-libstdcxx-abi=new --enable-gnu-unique-object --disable-vtable-verify --enable-plugin --enable-default-pie --with-system-zlib --with-target-system-zlib=auto --enable-objc-gc=auto --enable-multiarch --disable-werror --with-arch-32=i686 --with-abi=m64 --with-multilib-list=m32,m64,mx32 --enable-multilib --with-tune=generic --enable-offload-targets=nvptx-none=/build/gcc-9-9QDOt0/gcc-9-9.4.0/debian/tmp-nvptx/usr,hsa --without-cuda-driver --enable-checking=release --build=x86_64-linux-gnu --host=x86_64-linux-gnu --target=x86_64-linux-gnu
Thread model: posix
gcc version 9.4.0 (Ubuntu 9.4.0-1ubuntu1~20.04.2) 
configure:9784: $? = 0
configure:9773: gcc -V >&5
gcc: error: unrecognized command line option '-V'
gcc: fatal error: no input files
compilation terminated.
configure:9784: $? = 1
configure:9773: gcc -qversion >&5
gcc: error: unrecognized command line option '-qversion'; did you mean '--version'?
gcc: fatal error: no input files
compilation terminated.
configure:9784: $? = 1
configure:9788: checking whether we are using the GNU C compiler
configure:9816: result: yes
configure:9825: checking whether gcc accepts -g
configure:9886: result: yes
configure:9903: checking for gcc option to accept ISO C89
configure:9979: result: none needed
configure:10004: checking whether gcc understands -c and -o together
configure:10041: result: yes
configure:10060: checking dependency style of gcc
configure:10171: result: none
configure:10187: checking for inline
configure:10203: gcc -c -g -O2  conftest.c >&5
configure:10203: $? = 0
configure:10211: result: inline
configure:13950: checking whether gcc and cc understand -c and -o together
configure:13981: gcc -c conftest.c -o conftest2.o >&5
configure:13985: $? = 0
configure:13991: gcc -c conftest.c -o conftest2.o >&5
configure:13995: $? = 0
configure:14006: cc -c conftest.c >&5
configure:14010: $? = 0
configure:14018: cc -c conftest.c -o conftest2.o >&5
configure:14022: $? = 0
configure:14028: cc -c conftest.c -o conftest2.o >&5
configure:14032: $? = 0
configure:14050: result: yes
configure:14118: checking for g++
configure:14134: found /usr/bin/g++
configure:14145: result: g++
configure:14172: checking for C++ compiler version
configure:14181: g++ --version >&5
g++ (Ubuntu 9.4.0-1ubuntu1~20.04.2) 9.4.0
Copyright (C) 2019 Free Software Foundation, Inc.
This is free software; see the source for copying conditions.  There is NO
warranty; not even for MERCHANTABILITY or FITNESS FOR A PARTICULAR PURPOSE.

configure:14192: $? = 0
configure:14181: g++ -v >&5
Using built-in specs.
COLLECT_GCC=g++
COLLECT_LTO_WRAPPER=/usr/lib/gcc/x86_64-linux-gnu/9/lto-wrapper
OFFLOAD_TARGET_NAMES=nvptx-none:hsa
OFFLOAD_TARGET_DEFAULT=1
Target: x86_64-linux-gnu
Configured with: ../src/configure -v --with-pkgversion='Ubuntu 9.4.0-1ubuntu1~20.04.2' --with-bugurl=file:///usr/share/doc/gcc-9/README.Bugs --enable-languages=c,ada,c++,go,brig,d,fortran,objc,obj-c++,gm2 --prefix=/usr --with-gcc-major-version-only --program-suffix=-9 --program-prefix=x86_64-linux-gnu- --enable-shared --enable-linker-build-id --libexecdir=/usr/lib --without-included-gettext --enable-threads=posix --libdir=/usr/lib --enable-nls --enable-clocale=gnu --enable-libstdcxx-debug --enable-libstdcxx-time=yes --with-default-libstdcxx-abi=new --enable-gnu-unique-object --disable-vtable-verify --enable-plugin --enable-default-pie --with-system-zlib --with-target-system-zlib=auto --enable-objc-gc=auto --enable-multiarch --disable-werror --with-arch-32=i686 --with-abi=m64 --with-multilib-list=m32,m64,mx32 --enable-multilib --with-tune=generic --enable-offload-targets=nvptx-none=/build/gcc-9-9QDOt0/gcc-9-9.4.0/debian/tmp-nvptx/usr,hsa --without-cuda-driver --enable-checking=release --build=x86_64-linux-gnu --host=x86_64-linux-gnu --target=x86_64-linux-gnu
Thread model: posix
gcc version 9.4.0 (Ubuntu 9.4.0-1ubuntu1~20.04.2) 
configure:14192: $? = 0
configure:14181: g++ -V >&5
g++: error: unrecognized command line option '-V'
g++: fatal error: no input files
compilation terminated.
configure:14192: $? = 1
configure:14181: g++ -qversion >&5
g++: error: unrecognized command line option '-qversion'; did you mean '--version'?
g++: fatal error: no input files
compilation terminated.
configure:14192: $? = 1
configure:14196: checking whether we are using the GNU C++ compiler
configure:14215: g++ -c   conftest.cpp >&5
configure:14215: $? = 0
configure:14224: result: yes
configure:14233: checking whether g++ accepts -g
configure:14253: g++ -c -g  conftest.cpp >&5
configure:14253: $? = 0
configure:14294: result: yes
configure:14319: checking dependency style of g++
configure:14430: result: none
configure:14490: checking for ar
configure:14517: result: ar
configure:14543: checking whether roaring v3 works
configure:14559: gcc -c -g -O2  conftest.c >&5
configure:14559: $? = 0
configure:14561: result: yes
configure:14660: checking for JSONC
configure:14667: $PKG_CONFIG --exists --print-errors "json-c"
configure:14670: $? = 0
configure:14684: $PKG_CONFIG --exists --print-errors "json-c"
configure:14687: $? = 0
configure:14727: result: yes
configure:14737: checking for json_object_put in -ljson-c
configure:14762: gcc -o conftest -g -O2   conftest.c -ljson-c   >&5
configure:14762: $? = 0
configure:14771: result: yes
configure:14950: checking whether gcc is Clang
configure:14975: result: no
configure:15037: checking whether pthreads work with "-pthread" and "-lpthread"
configure:15142: gcc -o conftest -g -O2 -pthread   conftest.c -lpthread  >&5
configure:15142: $? = 0
configure:15151: result: yes
configure:15268: checking for joinable pthread attribute
configure:15286: gcc -o conftest -g -O2 -pthread   conftest.c -lpthread  >&5
configure:15286: $? = 0
configure:15294: result: PTHREAD_CREATE_JOINABLE
configure:15308: checking whether more special flags are required for pthreads
configure:15321: result: no
configure:15329: checking for PTHREAD_PRIO_INHERIT
configure:15346: gcc -o conftest -g -O2 -pthread   conftest.c -lpthread  >&5
configure:15346: $? = 0
configure:15355: result: yes
configure:15552: checking netinet/in.h usability
configure:15552: gcc -c -g -O2  conftest.c >&5
configure:15552: $? = 0
configure:15552: result: yes
configure:15552: checking netinet/in.h presence
configure:15552: gcc -E  conftest.c
configure:15552: $? = 0
configure:15552: result: yes
configure:15552: checking for netinet/in.h
configure:15552: result: yes
configure:15552: checking for stdint.h
configure:15552: result: yes
configure:15552: checking for stdlib.h
configure:15552: result: yes
configure:15552: checking for string.h
configure:15552: result: yes
configure:15552: checking for unistd.h
configure:15552: result: yes
configure:15552: checking math.h usability
configure:15552: gcc -c -g -O2  conftest.c >&5
configure:15552: $? = 0
configure:15552: result: yes
configure:15552: checking math.h presence
configure:15552: gcc -E  conftest.c
configure:15552: $? = 0
configure:15552: result: yes
configure:15552: checking for math.h
configure:15552: result: yes
configure:15552: checking float.h usability
configure:15552: gcc -c -g -O2  conftest.c >&5
configure:15552: $? = 0
configure:15552: result: yes
configure:15552: checking float.h presence
configure:15552: gcc -E  conftest.c
configure:15552: $? = 0
configure:15552: result: yes
configure:15552: checking for float.h
configure:15552: result: yes
configure:15562: checking for sqrt in -lm
configure:15587: gcc -o conftest -g -O2   conftest.c -lm   >&5
conftest.c:45:6: warning: conflicting types for built-in function 'sqrt'; expected 'double(double)' [-Wbuiltin-declaration-mismatch]
   45 | char sqrt ();
      |      ^~~~
conftest.c:1:1: note: 'sqrt' is declared in header '<math.h>'
    1 | /* confdefs.h */
configure:15587: $? = 0
configure: failed program was:
| /* confdefs.h */
| #define PACKAGE_NAME "libndpi"
| #define PACKAGE_TARNAME "libndpi"
| #define PACKAGE_VERSION "4.10.0"
| #define PACKAGE_STRING "libndpi 4.10.0"
| #define PACKAGE_BUGREPORT ""
| #define PACKAGE_URL ""
| #define PACKAGE "libndpi"
| #define VERSION "4.10.0"
| #define STDC_HEADERS 1
| #define HAVE_SYS_TYPES_H 1
| #define HAVE_SYS_STAT_H 1
| #define HAVE_STDLIB_H 1
| #define HAVE_STRING_H 1
| #define HAVE_MEMORY_H 1
| #define HAVE_STRINGS_H 1
| #define HAVE_INTTYPES_H 1
| #define HAVE_STDINT_H 1
| #define HAVE_UNISTD_H 1
| #define HAVE_DLFCN_H 1
| #define LT_OBJDIR ".libs/"
| #define NDPI_MAJOR_RELEASE "4"
| #define NDPI_MINOR_RELEASE "10"
| #define NDPI_PATCH_LEVEL "0"
| #define NDPI_GIT_RELEASE "4.10.0-3-1bbedb0"
| #define NDPI_GIT_DATE "Tue Oct 1 08:18:26 2024 +0700"
| #define HAVE_LIBJSON_C 1
| #define HAVE_PTHREAD_PRIO_INHERIT 1
| #define HAVE_PTHREAD 1
| #define HAVE_NETINET_IN_H 1
| #define HAVE_STDINT_H 1
| #define HAVE_STDLIB_H 1
| #define HAVE_STRING_H 1
| #define HAVE_UNISTD_H 1
| #define HAVE_MATH_H 1
| #define HAVE_FLOAT_H 1
| /* end confdefs.h.  */
| 
| /* Override any GCC internal prototype to avoid an error.
|    Use char because int might match the return type of a GCC
|    builtin and then its argument prototype would still apply.  */
| #ifdef __cplusplus
| extern "C"
| #endif
| char sqrt ();
| int
| main ()
| {
| return sqrt ();
|   ;
|   return 0;
| }
configure:15596: result: no
configure:15609: checking for rrd_fetch_r in -lrrd
configure:15634: gcc -o conftest -g -O2   conftest.c -lrrd   >&5
configure:15634: $? = 0
configure:15643: result: yes
configure:15653: checking for pthread_mutex_init in -lpthread
configure:15678: gcc -o conftest -g -O2   conftest.c -lpthread   >&5
configure:15678: $? = 0
configure:15687: result: yes
configure:15708: checking DPDK (used by ndpiReader)
configure:15715: result: no (missing /root/DPDK)
configure:15726: checking for numa_available in -lnuma
configure:15751: gcc -o conftest -g -O2   conftest.c -lnuma  -lpthread  >&5
configure:15751: $? = 0
configure:15760: result: yes
configure:15771: checking PF_RING nBPF (/root/port-net-library/../PF_RING/userland/nbpf)
configure:15786: result: no
configure:16136: checking for pcap_open_live in -lpcap
configure:16161: gcc -o conftest -g -O2   conftest.c -lpcap  -lpthread  >&5
configure:16161: $? = 0
configure:16170: result: yes
configure:16834: checking for pthread_setaffinity_np in -lpthread
configure:16859: gcc -o conftest -g -O2   conftest.c -lpthread  -lpthread  >&5
configure:16859: $? = 0
configure:16868: result: yes
configure:17266: checking that generated files are newer than configure
configure:17272: result: done
configure:17323: creating ./config.status

## ---------------------- ##
## Running config.status. ##
## ---------------------- ##

This file was extended by libndpi config.status 4.10.0, which was
generated by GNU Autoconf 2.69.  Invocation command line was

  CONFIG_FILES    = 
  CONFIG_HEADERS  = 
  CONFIG_LINKS    = 
  CONFIG_COMMANDS = 
  $ ./config.status 

on teep-ric

config.status:1228: creating Makefile
config.status:1228: creating example/Makefile
config.status:1228: creating example/Makefile.dpdk
config.status:1228: creating tests/Makefile
config.status:1228: creating tests/unit/Makefile
config.status:1228: creating tests/performance/Makefile
config.status:1228: creating tests/dga/Makefile
config.status:1228: creating influxdb/Makefile
config.status:1228: creating libndpi.pc
config.status:1228: creating src/include/ndpi_define.h
config.status:1228: creating src/lib/Makefile
config.status:1228: creating tests/do.sh
config.status:1228: creating src/include/ndpi_config.h
config.status:1409: src/include/ndpi_config.h is unchanged
config.status:1457: executing depfiles commands
config.status:1457: executing libtool commands

## ---------------- ##
## Cache variables. ##
## ---------------- ##

ac_cv_build=x86_64-pc-linux-gnu
ac_cv_c_compiler_gnu=yes
ac_cv_c_inline=inline
ac_cv_cxx_compiler_gnu=yes
ac_cv_env_CCC_set=
ac_cv_env_CCC_value=
ac_cv_env_CC_set=
ac_cv_env_CC_value=
ac_cv_env_CFLAGS_set=
ac_cv_env_CFLAGS_value=
ac_cv_env_CPPFLAGS_set=
ac_cv_env_CPPFLAGS_value=
ac_cv_env_CPP_set=
ac_cv_env_CPP_value=
ac_cv_env_CXXCPP_set=
ac_cv_env_CXXCPP_value=
ac_cv_env_CXXFLAGS_set=
ac_cv_env_CXXFLAGS_value=
ac_cv_env_CXX_set=
ac_cv_env_CXX_value=
ac_cv_env_JSONC_CFLAGS_set=
ac_cv_env_JSONC_CFLAGS_value=
ac_cv_env_JSONC_LIBS_set=
ac_cv_env_JSONC_LIBS_value=
ac_cv_env_LDFLAGS_set=
ac_cv_env_LDFLAGS_value=
ac_cv_env_LIBS_set=
ac_cv_env_LIBS_value=
ac_cv_env_LT_SYS_LIBRARY_PATH_set=
ac_cv_env_LT_SYS_LIBRARY_PATH_value=
ac_cv_env_PCAP_CFLAGS_set=
ac_cv_env_PCAP_CFLAGS_value=
ac_cv_env_PCAP_LIBS_set=
ac_cv_env_PCAP_LIBS_value=
ac_cv_env_PKG_CONFIG_LIBDIR_set=
ac_cv_env_PKG_CONFIG_LIBDIR_value=
ac_cv_env_PKG_CONFIG_PATH_set=
ac_cv_env_PKG_CONFIG_PATH_value=
ac_cv_env_PKG_CONFIG_set=
ac_cv_env_PKG_CONFIG_value=
ac_cv_env_PROFILER_CFLAGS_set=
ac_cv_env_PROFILER_CFLAGS_value=
ac_cv_env_PROFILER_LIBS_set=
ac_cv_env_PROFILER_LIBS_value=
ac_cv_env_TCMALLOC_CFLAGS_set=
ac_cv_env_TCMALLOC_CFLAGS_value=
ac_cv_env_TCMALLOC_LIBS_set=
ac_cv_env_TCMALLOC_LIBS_value=
ac_cv_env_build_alias_set=
ac_cv_env_build_alias_value=
ac_cv_env_host_alias_set=
ac_cv_env_host_alias_value=
ac_cv_env_target_alias_set=
ac_cv_env_target_alias_value=
ac_cv_header_dlfcn_h=yes
ac_cv_header_float_h=yes
ac_cv_header_inttypes_h=yes
ac_cv_header_math_h=yes
ac_cv_header_memory_h=yes
ac_cv_header_netinet_in_h=yes
ac_cv_header_stdc=yes
ac_cv_header_stdint_h=yes
ac_cv_header_stdlib_h=yes
ac_cv_header_string_h=yes
ac_cv_header_strings_h=yes
ac_cv_header_sys_stat_h=yes
ac_cv_header_sys_types_h=yes
ac_cv_header_unistd_h=yes
ac_cv_host=x86_64-pc-linux-gnu
ac_cv_lib_json_c_json_object_put=yes
ac_cv_lib_m_cos=yes
ac_cv_lib_m_sqrt=no
ac_cv_lib_numa_numa_available=yes
ac_cv_lib_pcap_pcap_open_live=yes
ac_cv_lib_pthread_pthread_mutex_init=yes
ac_cv_lib_pthread_pthread_setaffinity_np=yes
ac_cv_lib_rrd_rrd_fetch_r=yes
ac_cv_objext=o
ac_cv_path_EGREP='/usr/bin/grep -E'
ac_cv_path_FGREP='/usr/bin/grep -F'
ac_cv_path_GREP=/usr/bin/grep
ac_cv_path_SED=/usr/bin/sed
ac_cv_path_ac_pt_PKG_CONFIG=/usr/bin/pkg-config
ac_cv_path_install='/usr/bin/install -c'
ac_cv_path_lt_DD=/usr/bin/dd
ac_cv_path_mkdir=/usr/bin/mkdir
ac_cv_prog_AWK=mawk
ac_cv_prog_CPP='gcc -E'
ac_cv_prog_ac_ct_AR=ar
ac_cv_prog_ac_ct_CC=gcc
ac_cv_prog_ac_ct_CXX=g++
ac_cv_prog_ac_ct_MANIFEST_TOOL=mt
ac_cv_prog_ac_ct_OBJDUMP=objdump
ac_cv_prog_ac_ct_RANLIB=ranlib
ac_cv_prog_ac_ct_STRIP=strip
ac_cv_prog_cc_c89=
ac_cv_prog_cc_g=yes
ac_cv_prog_cc_gcc_c_o=yes
ac_cv_prog_cxx_g=yes
ac_cv_prog_make_make_set=yes
am_cv_CC_dependencies_compiler_type=none
am_cv_CXX_dependencies_compiler_type=none
am_cv_make_support_nested_variables=yes
am_cv_prog_cc_c_o=yes
ax_cv_PTHREAD_CLANG=no
ax_cv_PTHREAD_JOINABLE_ATTR=PTHREAD_CREATE_JOINABLE
ax_cv_PTHREAD_PRIO_INHERIT=yes
ax_cv_PTHREAD_SPECIAL_FLAGS=no
lt_cv_ar_at_file=@
lt_cv_archive_cmds_need_lc=no
lt_cv_deplibs_check_method=pass_all
lt_cv_file_magic_cmd='$MAGIC_CMD'
lt_cv_file_magic_test_file=
lt_cv_ld_reload_flag=-r
lt_cv_nm_interface='BSD nm'
lt_cv_objdir=.libs
lt_cv_path_LD=/usr/bin/ld
lt_cv_path_NM='/usr/bin/nm -B'
lt_cv_path_mainfest_tool=no
lt_cv_prog_compiler_c_o=yes
lt_cv_prog_compiler_pic='-fPIC -DPIC'
lt_cv_prog_compiler_pic_works=yes
lt_cv_prog_compiler_rtti_exceptions=no
lt_cv_prog_compiler_static_works=yes
lt_cv_prog_gnu_ld=yes
lt_cv_sharedlib_from_linklib_cmd='printf %s\n'
lt_cv_shlibpath_overrides_runpath=yes
lt_cv_sys_global_symbol_pipe='sed -n -e '\''s/^.*[	 ]\([ABCDGIRSTW][ABCDGIRSTW]*\)[	 ][	 ]*\([_A-Za-z][_A-Za-z0-9]*\)$/\1 \2 \2/p'\'' | sed '\''/ __gnu_lto/d'\'''
lt_cv_sys_global_symbol_to_c_name_address='sed -n -e '\''s/^: \(.*\) .*$/  {"\1", (void *) 0},/p'\'' -e '\''s/^[ABCDGIRSTW][ABCDGIRSTW]* .* \(.*\)$/  {"\1", (void *) \&\1},/p'\'''
lt_cv_sys_global_symbol_to_c_name_address_lib_prefix='sed -n -e '\''s/^: \(.*\) .*$/  {"\1", (void *) 0},/p'\'' -e '\''s/^[ABCDGIRSTW][ABCDGIRSTW]* .* \(lib.*\)$/  {"\1", (void *) \&\1},/p'\'' -e '\''s/^[ABCDGIRSTW][ABCDGIRSTW]* .* \(.*\)$/  {"lib\1", (void *) \&\1},/p'\'''
lt_cv_sys_global_symbol_to_cdecl='sed -n -e '\''s/^T .* \(.*\)$/extern int \1();/p'\'' -e '\''s/^[ABCDGIRSTW][ABCDGIRSTW]* .* \(.*\)$/extern char \1;/p'\'''
lt_cv_sys_global_symbol_to_import=
lt_cv_sys_max_cmd_len=1572864
lt_cv_to_host_file_cmd=func_convert_file_noop
lt_cv_to_tool_file_cmd=func_convert_file_noop
lt_cv_truncate_bin='/usr/bin/dd bs=4096 count=1'
pkg_cv_JSONC_CFLAGS=-I/usr/include/json-c
pkg_cv_JSONC_LIBS=-ljson-c

## ----------------- ##
## Output variables. ##
## ----------------- ##

ACLOCAL='${SHELL} /root/port-net-library/missing aclocal-1.16'
ADDITIONAL_INCS=''
ADDITIONAL_LIBS='-lm'
AMDEPBACKSLASH='\'
AMDEP_FALSE='#'
AMDEP_TRUE=''
AMTAR='$${TAR-tar}'
AM_BACKSLASH='\'
AM_DEFAULT_V='$(AM_DEFAULT_VERBOSITY)'
AM_DEFAULT_VERBOSITY='1'
AM_V='$(V)'
AR='ar'
AUTOCONF='${SHELL} /root/port-net-library/missing autoconf'
AUTOHEADER='${SHELL} /root/port-net-library/missing autoheader'
AUTOMAKE='${SHELL} /root/port-net-library/missing automake-1.16'
AWK='mawk'
BUILD_FUZZTARGETS='0'
BUILD_FUZZTARGETS_FALSE=''
BUILD_FUZZTARGETS_TRUE='#'
BUILD_MINGW=''
BUILD_MINGW_X64=''
BUILD_UNITTESTS_FALSE='#'
BUILD_UNITTESTS_TRUE=''
CC='gcc'
CCDEPMODE='depmode=none'
CFLAGS='-g -O2'
CPP='gcc -E'
CPPFLAGS=''
CUSTOM_NDPI=''
CXX='g++'
CXXCPP=''
CXXDEPMODE='depmode=none'
CXXFLAGS='-g -O2'
CYGPATH_W='echo'
DEFS='-DHAVE_CONFIG_H'
DEPDIR='.deps'
DISABLE_NPCAP='0'
DLLTOOL='false'
DL_LIB=''
DPDK_TARGET=''
DSYMUTIL=''
DUMPBIN=''
ECHO_C=''
ECHO_N='-n'
ECHO_T=''
EGREP='/usr/bin/grep -E'
EXEEXT=''
EXE_SUFFIX=''
EXTRA_TARGETS='example tests tests/dga tests/unit'
FGREP='/usr/bin/grep -F'
GIT_RELEASE='4.10.0-3-1bbedb0'
GLOBAL_CONTEXT_ENABLED='1'
GPROF_CFLAGS=''
GPROF_ENABLED='0'
GPROF_LIBS=''
GREP='/usr/bin/grep'
HANDLE_TLS_SIGS='//'
HAS_FUZZLDFLAGS_FALSE=''
HAS_FUZZLDFLAGS_TRUE='#'
HAVE_PTHREAD_SETAFFINITY_NP=''
INSTALL_DATA='${INSTALL} -m 644'
INSTALL_PROGRAM='${INSTALL}'
INSTALL_SCRIPT='${INSTALL}'
INSTALL_STRIP_PROGRAM='$(install_sh) -c -s'
JSONC_CFLAGS='-I/usr/include/json-c'
JSONC_LIBS='-ljson-c'
LD='/usr/bin/ld -m elf_x86_64'
LDFLAGS=''
LIBM='-lm'
LIBOBJS=''
LIBRRD='-lrrd'
LIBS='-lpthread '
LIBTOOL='$(SHELL) $(top_builddir)/libtool'
LIB_FUZZING_ENGINE=''
LIPO=''
LN_S='ln -s'
LTLIBOBJS=''
LT_SYS_LIBRARY_PATH=''
MAKEINFO='${SHELL} /root/port-net-library/missing makeinfo'
MANIFEST_TOOL=':'
MKDIR_P='/usr/bin/mkdir -p'
NBPF_ENABLED='0'
NDPI_API_VERSION='15'
NDPI_BASE_DIR=''
NDPI_CFLAGS='-W -Wall -Wno-address-of-packed-member  -D_DEFAULT_SOURCE=1 -D_GNU_SOURCE=1 -O2 -DUSE_GLOBAL_CONTEXT'
NDPI_LDFLAGS=''
NDPI_MAJOR='4'
NDPI_MINOR='10'
NDPI_PATCH='0'
NDPI_VERSION_SHORT='4.10.0'
NM='/usr/bin/nm -B'
NMEDIT=''
OBJDUMP='objdump'
OBJEXT='o'
OTOOL64=''
OTOOL=''
PACKAGE='libndpi'
PACKAGE_BUGREPORT=''
PACKAGE_NAME='libndpi'
PACKAGE_STRING='libndpi 4.10.0'
PACKAGE_TARNAME='libndpi'
PACKAGE_URL=''
PACKAGE_VERSION='4.10.0'
PATH_SEPARATOR=':'
PCAP_CFLAGS=''
PCAP_INC=''
PCAP_LIB='-lpcap'
PCAP_LIBS=''
PCRE2_ENABLED='0'
PKG_CONFIG='/usr/bin/pkg-config'
PKG_CONFIG_LIBDIR=''
PKG_CONFIG_PATH=''
PROFILER_CFLAGS=''
PROFILER_LIBS=''
PTHREAD_CC='gcc'
PTHREAD_CFLAGS='-pthread'
PTHREAD_CXX='g++'
PTHREAD_LIBS='-lpthread'
RANLIB='ranlib'
SED='/usr/bin/sed'
SET_MAKE=''
SHELL='/bin/bash'
STRIP='strip'
TCMALLOC_CFLAGS=''
TCMALLOC_LIBS=''
USE_HOST_LIBGCRYPT='0'
VERSION='4.10.0'
ac_ct_AR='ar'
ac_ct_CC='gcc'
ac_ct_CXX='g++'
ac_ct_DUMPBIN=''
am__EXEEXT_FALSE=''
am__EXEEXT_TRUE='#'
am__fastdepCC_FALSE=''
am__fastdepCC_TRUE='#'
am__fastdepCXX_FALSE=''
am__fastdepCXX_TRUE='#'
am__include='include'
am__isrc=''
am__leading_dot='.'
am__nodep='_no'
am__quote=''
am__tar='$${TAR-tar} chof - "$$tardir"'
am__untar='$${TAR-tar} xf -'
ax_pthread_config=''
bindir='${exec_prefix}/bin'
build='x86_64-pc-linux-gnu'
build_alias=''
build_cpu='x86_64'
build_os='linux-gnu'
build_vendor='pc'
datadir='${datarootdir}'
datarootdir='${prefix}/share'
docdir='${datarootdir}/doc/${PACKAGE_TARNAME}'
dvidir='${docdir}'
exec_prefix='${prefix}'
host='x86_64-pc-linux-gnu'
host_alias=''
host_cpu='x86_64'
host_os='linux-gnu'
host_vendor='pc'
htmldir='${docdir}'
includedir='${prefix}/include'
infodir='${datarootdir}/info'
install_sh='${SHELL} /root/port-net-library/install-sh'
libdir='${exec_prefix}/lib'
libexecdir='${exec_prefix}/libexec'
localedir='${datarootdir}/locale'
localstatedir='${prefix}/var'
mandir='${datarootdir}/man'
mkdir_p='$(MKDIR_P)'
oldincludedir='/usr/include'
pdfdir='${docdir}'
prefix='/usr'
program_transform_name='s,x,x,'
psdir='${docdir}'
runstatedir='${localstatedir}/run'
sbindir='${exec_prefix}/sbin'
sharedstatedir='${prefix}/com'
sysconfdir='${prefix}/etc'
target_alias=''

## ----------- ##
## confdefs.h. ##
## ----------- ##

/* confdefs.h */
#define PACKAGE_NAME "libndpi"
#define PACKAGE_TARNAME "libndpi"
#define PACKAGE_VERSION "4.10.0"
#define PACKAGE_STRING "libndpi 4.10.0"
#define PACKAGE_BUGREPORT ""
#define PACKAGE_URL ""
#define PACKAGE "libndpi"
#define VERSION "4.10.0"
#define STDC_HEADERS 1
#define HAVE_SYS_TYPES_H 1
#define HAVE_SYS_STAT_H 1
#define HAVE_STDLIB_H 1
#define HAVE_STRING_H 1
#define HAVE_MEMORY_H 1
#define HAVE_STRINGS_H 1
#define HAVE_INTTYPES_H 1
#define HAVE_STDINT_H 1
#define HAVE_UNISTD_H 1
#define HAVE_DLFCN_H 1
#define LT_OBJDIR ".libs/"
#define NDPI_MAJOR_RELEASE "4"
#define NDPI_MINOR_RELEASE "10"
#define NDPI_PATCH_LEVEL "0"
#define NDPI_GIT_RELEASE "4.10.0-3-1bbedb0"
#define NDPI_GIT_DATE "Tue Oct 1 08:18:26 2024 +0700"
#define HAVE_LIBJSON_C 1
#define HAVE_PTHREAD_PRIO_INHERIT 1
#define HAVE_PTHREAD 1
#define HAVE_NETINET_IN_H 1
#define HAVE_STDINT_H 1
#define HAVE_STDLIB_H 1
#define HAVE_STRING_H 1
#define HAVE_UNISTD_H 1
#define HAVE_MATH_H 1
#define HAVE_FLOAT_H 1
#define HAVE_LIBPTHREAD 1
#define HAVE_PTHREAD_SETAFFINITY_NP 1
#define NDPI_BASE_DIR "/root/port-net-library"

configure: exit 0
